[debug] [2024-07-08T21:12:08.883Z] ----------------------------------------------------------------------
[debug] [2024-07-08T21:12:08.886Z] Command:       /Users/camilop/.nvm/versions/node/v20.15.0/bin/node /Users/camilop/.nvm/versions/node/v20.15.0/bin/firebase init
[debug] [2024-07-08T21:12:08.886Z] CLI Version:   13.13.0
[debug] [2024-07-08T21:12:08.886Z] Platform:      darwin
[debug] [2024-07-08T21:12:08.886Z] Node Version:  v20.15.0
[debug] [2024-07-08T21:12:08.886Z] Time:          Mon Jul 08 2024 22:12:08 GMT+0100 (British Summer Time)
[debug] [2024-07-08T21:12:08.887Z] ----------------------------------------------------------------------
[debug] 
[debug] [2024-07-08T21:12:08.893Z] > command requires scopes: ["email","openid","https://www.googleapis.com/auth/cloudplatformprojects.readonly","https://www.googleapis.com/auth/firebase","https://www.googleapis.com/auth/cloud-platform"]
[debug] [2024-07-08T21:12:08.894Z] > authorizing via signed-in user (camilopalaciosabril@gmail.com)
[info] 
     ######## #### ########  ######## ########     ###     ######  ########
     ##        ##  ##     ## ##       ##     ##  ##   ##  ##       ##
     ######    ##  ########  ######   ########  #########  ######  ######
     ##        ##  ##    ##  ##       ##     ## ##     ##       ## ##
     ##       #### ##     ## ######## ########  ##     ##  ######  ########

You're about to initialize a Firebase project in this directory:

  /Users/camilop/Desktop/Projects/React/coffee-up

[info] 
=== Project Setup
[info] 
[info] First, let's associate this project directory with a Firebase project.
[info] You can create multiple project aliases by running firebase use --add, 
[info] but for now we'll just set up a default project.
[info] 
[debug] [2024-07-08T21:13:07.882Z] >>> [apiv2][query] GET https://firebase.googleapis.com/v1beta1/projects pageSize=100
[debug] [2024-07-08T21:13:08.563Z] <<< [apiv2][status] GET https://firebase.googleapis.com/v1beta1/projects 200
[debug] [2024-07-08T21:13:08.563Z] <<< [apiv2][body] GET https://firebase.googleapis.com/v1beta1/projects [omitted]
[info] i  Using project coffee-up-c5396 (coffee-up) 
[info] 
=== Database Setup
[info] i  database: ensuring required API firebasedatabase.googleapis.com is enabled... 
[debug] [2024-07-08T21:13:11.876Z] >>> [apiv2][query] GET https://serviceusage.googleapis.com/v1/projects/coffee-up-c5396/services/firebasedatabase.googleapis.com [none]
[debug] [2024-07-08T21:13:11.877Z] >>> [apiv2][(partial)header] GET https://serviceusage.googleapis.com/v1/projects/coffee-up-c5396/services/firebasedatabase.googleapis.com x-goog-quota-user=projects/coffee-up-c5396
[debug] [2024-07-08T21:13:12.837Z] <<< [apiv2][status] GET https://serviceusage.googleapis.com/v1/projects/coffee-up-c5396/services/firebasedatabase.googleapis.com 200
[debug] [2024-07-08T21:13:12.837Z] <<< [apiv2][body] GET https://serviceusage.googleapis.com/v1/projects/coffee-up-c5396/services/firebasedatabase.googleapis.com [omitted]
[warn] ⚠  database: missing required API firebasedatabase.googleapis.com. Enabling now... 
[debug] [2024-07-08T21:13:12.838Z] >>> [apiv2][query] POST https://serviceusage.googleapis.com/v1/projects/coffee-up-c5396/services/firebasedatabase.googleapis.com:enable [none]
[debug] [2024-07-08T21:13:12.838Z] >>> [apiv2][(partial)header] POST https://serviceusage.googleapis.com/v1/projects/coffee-up-c5396/services/firebasedatabase.googleapis.com:enable x-goog-quota-user=projects/coffee-up-c5396
[debug] [2024-07-08T21:13:13.461Z] <<< [apiv2][status] POST https://serviceusage.googleapis.com/v1/projects/coffee-up-c5396/services/firebasedatabase.googleapis.com:enable 200
[debug] [2024-07-08T21:13:13.461Z] <<< [apiv2][body] POST https://serviceusage.googleapis.com/v1/projects/coffee-up-c5396/services/firebasedatabase.googleapis.com:enable [omitted]
[debug] [2024-07-08T21:13:23.461Z] >>> [apiv2][query] GET https://serviceusage.googleapis.com/v1/projects/coffee-up-c5396/services/firebasedatabase.googleapis.com [none]
[debug] [2024-07-08T21:13:23.462Z] >>> [apiv2][(partial)header] GET https://serviceusage.googleapis.com/v1/projects/coffee-up-c5396/services/firebasedatabase.googleapis.com x-goog-quota-user=projects/coffee-up-c5396
[debug] [2024-07-08T21:13:24.355Z] <<< [apiv2][status] GET https://serviceusage.googleapis.com/v1/projects/coffee-up-c5396/services/firebasedatabase.googleapis.com 200
[debug] [2024-07-08T21:13:24.355Z] <<< [apiv2][body] GET https://serviceusage.googleapis.com/v1/projects/coffee-up-c5396/services/firebasedatabase.googleapis.com [omitted]
[info] ✔  database: required API firebasedatabase.googleapis.com is enabled 
[info] 
[debug] [2024-07-08T21:13:24.356Z] >>> [apiv2][query] GET https://firebase.googleapis.com/v1beta1/projects/coffee-up-c5396 [none]
[debug] [2024-07-08T21:13:24.654Z] <<< [apiv2][status] GET https://firebase.googleapis.com/v1beta1/projects/coffee-up-c5396 200
[debug] [2024-07-08T21:13:24.655Z] <<< [apiv2][body] GET https://firebase.googleapis.com/v1beta1/projects/coffee-up-c5396 {"projectId":"coffee-up-c5396","projectNumber":"535769747662","displayName":"coffee-up","name":"projects/coffee-up-c5396","resources":{"hostingSite":"coffee-up-c5396"},"state":"ACTIVE","etag":"1_85f4ee6c-bbc6-47fa-8c9e-3802db68f78c"}
[debug] [2024-07-08T21:13:43.841Z] >>> [apiv2][query] POST https://firebasedatabase.googleapis.com/v1beta/projects/coffee-up-c5396/locations/europe-west1/instances databaseId=coffee-up-c5396-default-rtdb&validateOnly=true
[debug] [2024-07-08T21:13:43.841Z] >>> [apiv2][body] POST https://firebasedatabase.googleapis.com/v1beta/projects/coffee-up-c5396/locations/europe-west1/instances {"type":"default_database"}
[debug] [2024-07-08T21:13:44.851Z] <<< [apiv2][status] POST https://firebasedatabase.googleapis.com/v1beta/projects/coffee-up-c5396/locations/europe-west1/instances 200
[debug] [2024-07-08T21:13:44.851Z] <<< [apiv2][body] POST https://firebasedatabase.googleapis.com/v1beta/projects/coffee-up-c5396/locations/europe-west1/instances {"name":"projects/535769747662/locations/europe-west1/instances/coffee-up-c5396-default-rtdb","project":"projects/535769747662","databaseUrl":"https://coffee-up-c5396-default-rtdb.europe-west1.firebasedatabase.app","type":"DEFAULT_DATABASE","state":"ACTIVE"}
[debug] [2024-07-08T21:13:44.852Z] >>> [apiv2][query] POST https://firebasedatabase.googleapis.com/v1beta/projects/coffee-up-c5396/locations/europe-west1/instances databaseId=coffee-up-c5396-default-rtdb
[debug] [2024-07-08T21:13:44.852Z] >>> [apiv2][body] POST https://firebasedatabase.googleapis.com/v1beta/projects/coffee-up-c5396/locations/europe-west1/instances {"type":"default_database"}
[debug] [2024-07-08T21:13:45.601Z] <<< [apiv2][status] POST https://firebasedatabase.googleapis.com/v1beta/projects/coffee-up-c5396/locations/europe-west1/instances 200
[debug] [2024-07-08T21:13:45.601Z] <<< [apiv2][body] POST https://firebasedatabase.googleapis.com/v1beta/projects/coffee-up-c5396/locations/europe-west1/instances {"name":"projects/535769747662/locations/europe-west1/instances/coffee-up-c5396-default-rtdb","project":"projects/535769747662","databaseUrl":"https://coffee-up-c5396-default-rtdb.europe-west1.firebasedatabase.app","type":"DEFAULT_DATABASE","state":"ACTIVE"}
[info] 
[info] Firebase Realtime Database Security Rules allow you to define how your data should be
[info] structured and when your data can be read from and written to.
[info] 
[debug] [2024-07-08T21:14:01.745Z] >>> [apiv2][query] GET https://coffee-up-c5396-default-rtdb.europe-west1.firebasedatabase.app/.settings/rules.json [none]
[debug] [2024-07-08T21:14:03.030Z] <<< [apiv2][status] GET https://coffee-up-c5396-default-rtdb.europe-west1.firebasedatabase.app/.settings/rules.json 200
[debug] [2024-07-08T21:14:03.031Z] <<< [apiv2][body] GET https://coffee-up-c5396-default-rtdb.europe-west1.firebasedatabase.app/.settings/rules.json [stream]
[info] ✔  Database Rules for coffee-up-c5396-default-rtdb have been written to database.rules.json. 
[info] Future modifications to database.rules.json will update Realtime Database Security Rules when you run
[info] firebase deploy.
[info] 
=== Hosting Setup
[debug] [2024-07-08T21:14:03.035Z] >>> [apiv2][query] GET https://firebase.googleapis.com/v1beta1/projects/coffee-up-c5396 [none]
[debug] [2024-07-08T21:14:03.330Z] <<< [apiv2][status] GET https://firebase.googleapis.com/v1beta1/projects/coffee-up-c5396 200
[debug] [2024-07-08T21:14:03.330Z] <<< [apiv2][body] GET https://firebase.googleapis.com/v1beta1/projects/coffee-up-c5396 {"projectId":"coffee-up-c5396","projectNumber":"535769747662","displayName":"coffee-up","name":"projects/coffee-up-c5396","resources":{"hostingSite":"coffee-up-c5396","realtimeDatabaseInstance":"coffee-up-c5396-default-rtdb"},"state":"ACTIVE","etag":"1_85f4ee6c-bbc6-47fa-8c9e-3802db68f78c"}
[info] 
[info] Your public directory is the folder (relative to your project directory) that
[info] will contain Hosting assets to be uploaded with firebase deploy. If you
[info] have a build process for your assets, use your build's output directory.
[info] 
[debug] [2024-07-08T21:14:23.269Z] >>> [apiv2][query] GET https://www.gstatic.com/firebasejs/releases.json [none]
[debug] [2024-07-08T21:14:23.479Z] <<< [apiv2][status] GET https://www.gstatic.com/firebasejs/releases.json 200
[debug] [2024-07-08T21:14:23.480Z] <<< [apiv2][body] GET https://www.gstatic.com/firebasejs/releases.json {"current":{"version":"10.12.3","browserURL":"https://www.gstatic.com/firebasejs/10.12.3/firebase.js","packageURL":"https://www.gstatic.com/firebasejs/10.12.3/firebase.tgz"},"live":{"version":"10.12","browserURL":"https://www.gstatic.com/firebasejs/live/10.12/firebase.js","packageURL":"https://www.gstatic.com/firebasejs/live/10.12/firebase.tgz"},"components":{"analytics":"https://www.gstatic.com/firebasejs/10.12.3/firebase-analytics.js","app":"https://www.gstatic.com/firebasejs/10.12.3/firebase-app.js","app-check":"https://www.gstatic.com/firebasejs/10.12.3/firebase-app-check.js","auth":"https://www.gstatic.com/firebasejs/10.12.3/firebase-auth.js","auth/cordova":"https://www.gstatic.com/firebasejs/10.12.3/firebase-auth/cordova.js","auth/web-extension":"https://www.gstatic.com/firebasejs/10.12.3/firebase-auth/web-extension.js","functions":"https://www.gstatic.com/firebasejs/10.12.3/firebase-functions.js","firestore":"https://www.gstatic.com/firebasejs/10.12.3/firebase-firestore.js","firestore/lite":"https://www.gstatic.com/firebasejs/10.12.3/firebase-firestore/lite.js","installations":"https://www.gstatic.com/firebasejs/10.12.3/firebase-installations.js","storage":"https://www.gstatic.com/firebasejs/10.12.3/firebase-storage.js","performance":"https://www.gstatic.com/firebasejs/10.12.3/firebase-performance.js","remote-config":"https://www.gstatic.com/firebasejs/10.12.3/firebase-remote-config.js","messaging":"https://www.gstatic.com/firebasejs/10.12.3/firebase-messaging.js","messaging/sw":"https://www.gstatic.com/firebasejs/10.12.3/firebase-messaging/sw.js","database":"https://www.gstatic.com/firebasejs/10.12.3/firebase-database.js","vertexai-preview":"https://www.gstatic.com/firebasejs/10.12.3/firebase-vertexai-preview.js","firestore.memory":"https://www.gstatic.com/firebasejs/10.12.3/firebase-firestore.memory.js"}}
[info] ✔  Wrote public/index.html 
[info] 
[info] i  Detected a .git folder at /Users/camilop/Desktop/Projects/React/coffee-up 
[info] i  Authorizing with GitHub to upload your service account to a GitHub repository's secrets store. 
[info] 
[info] Visit this URL on this device to log in:
[info] https://github.com/login/oauth/authorize?client_id=89cf50f02ac6aaed3484&state=575231373&redirect_uri=http%3A%2F%2Flocalhost%3A9005&scope=read%3Auser%20repo%20public_repo
[info] 
[info] Waiting for authentication...
[debug] [2024-07-08T21:15:27.304Z] >>> [apiv2][query] POST https://github.com/login/oauth/access_token [none]
[debug] [2024-07-08T21:15:27.305Z] >>> [apiv2][body] POST https://github.com/login/oauth/access_token [stream]
[debug] [2024-07-08T21:15:27.660Z] <<< [apiv2][status] POST https://github.com/login/oauth/access_token 200
[debug] [2024-07-08T21:15:27.660Z] <<< [apiv2][body] POST https://github.com/login/oauth/access_token {"access_token":"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","token_type":"bearer","scope":"read:user,repo"}
[debug] [2024-07-08T21:15:27.664Z] >>> [apiv2][query] GET https://api.github.com/user [none]
[debug] [2024-07-08T21:15:28.021Z] <<< [apiv2][status] GET https://api.github.com/user 200
[debug] [2024-07-08T21:15:28.021Z] <<< [apiv2][body] GET https://api.github.com/user {"login":"camilop7","id":80211673,"node_id":"MDQ6VXNlcjgwMjExNjcz","avatar_url":"https://avatars.githubusercontent.com/u/80211673?v=4","gravatar_id":"","url":"https://api.github.com/users/camilop7","html_url":"https://github.com/camilop7","followers_url":"https://api.github.com/users/camilop7/followers","following_url":"https://api.github.com/users/camilop7/following{/other_user}","gists_url":"https://api.github.com/users/camilop7/gists{/gist_id}","starred_url":"https://api.github.com/users/camilop7/starred{/owner}{/repo}","subscriptions_url":"https://api.github.com/users/camilop7/subscriptions","organizations_url":"https://api.github.com/users/camilop7/orgs","repos_url":"https://api.github.com/users/camilop7/repos","events_url":"https://api.github.com/users/camilop7/events{/privacy}","received_events_url":"https://api.github.com/users/camilop7/received_events","type":"User","site_admin":false,"name":null,"company":null,"blog":"","location":"London","email":null,"hireable":null,"bio":null,"twitter_username":null,"public_repos":18,"public_gists":1,"followers":3,"following":1,"created_at":"2021-03-07T15:46:21Z","updated_at":"2024-07-02T21:18:03Z","private_gists":1,"total_private_repos":4,"owned_private_repos":3,"disk_usage":180422,"collaborators":0,"two_factor_authentication":true,"plan":{"name":"pro","space":976562499,"collaborators":0,"private_repos":9999}}
[info] 
[info] ✔  Success! Logged into GitHub as camilop7 
[info] 
[debug] [2024-07-08T21:15:48.510Z] >>> [apiv2][query] GET https://api.github.com/repos//actions/secrets/public-key type=owner
[debug] [2024-07-08T21:15:48.804Z] <<< [apiv2][status] GET https://api.github.com/repos//actions/secrets/public-key 404
[debug] [2024-07-08T21:15:48.804Z] <<< [apiv2][body] GET https://api.github.com/repos//actions/secrets/public-key {"message":"Not Found","documentation_url":"https://docs.github.com/rest","status":"404"}
[info] 
[info] 
[error] ⚠  The provided authorization cannot be used with this repository. If this repository is in an organization, did you remember to grant access? 
[info] 
[info] i  Action required: Visit this URL to ensure access has been granted to the appropriate organization(s) for the Firebase CLI GitHub OAuth App: 
[info] https://github.com/settings/connections/applications/89cf50f02ac6aaed3484
[info] 
[debug] [2024-07-08T21:18:44.989Z] >>> [apiv2][query] GET https://api.github.com/repos//actions/secrets/public-key type=owner
[debug] [2024-07-08T21:18:45.333Z] <<< [apiv2][status] GET https://api.github.com/repos//actions/secrets/public-key 404
[debug] [2024-07-08T21:18:45.333Z] <<< [apiv2][body] GET https://api.github.com/repos//actions/secrets/public-key {"message":"Not Found","documentation_url":"https://docs.github.com/rest","status":"404"}
[info] 
[info] 
[error] ⚠  The provided authorization cannot be used with this repository. If this repository is in an organization, did you remember to grant access? 
[info] 
[info] i  Action required: Visit this URL to ensure access has been granted to the appropriate organization(s) for the Firebase CLI GitHub OAuth App: 
[info] https://github.com/settings/connections/applications/89cf50f02ac6aaed3484
[info] 
[debug] [2024-07-08T21:18:45.608Z] >>> [apiv2][query] GET https://api.github.com/repos//actions/secrets/public-key type=owner
[debug] [2024-07-08T21:18:45.791Z] <<< [apiv2][status] GET https://api.github.com/repos//actions/secrets/public-key 404
[debug] [2024-07-08T21:18:45.791Z] <<< [apiv2][body] GET https://api.github.com/repos//actions/secrets/public-key {"message":"Not Found","documentation_url":"https://docs.github.com/rest","status":"404"}
[info] 
[info] 
[error] ⚠  The provided authorization cannot be used with this repository. If this repository is in an organization, did you remember to grant access? 
[info] 
[info] i  Action required: Visit this URL to ensure access has been granted to the appropriate organization(s) for the Firebase CLI GitHub OAuth App: 
[info] https://github.com/settings/connections/applications/89cf50f02ac6aaed3484
[info] 
[debug] [2024-07-08T21:40:15.543Z] >>> [apiv2][query] GET https://api.github.com/repos/coffee-up/actions/secrets/public-key type=owner
[debug] [2024-07-08T21:40:15.861Z] <<< [apiv2][status] GET https://api.github.com/repos/coffee-up/actions/secrets/public-key 404
[debug] [2024-07-08T21:40:15.861Z] <<< [apiv2][body] GET https://api.github.com/repos/coffee-up/actions/secrets/public-key {"message":"Not Found","documentation_url":"https://docs.github.com/rest","status":"404"}
[info] 
[info] 
[error] ⚠  The provided authorization cannot be used with this repository. If this repository is in an organization, did you remember to grant access? 
[info] 
[info] i  Action required: Visit this URL to ensure access has been granted to the appropriate organization(s) for the Firebase CLI GitHub OAuth App: 
[info] https://github.com/settings/connections/applications/89cf50f02ac6aaed3484
[info] 
[debug] [2024-07-08T21:40:41.037Z] >>> [apiv2][query] GET https://api.github.com/repos/https://github.com/camilop7/coffee-up/actions/secrets/public-key type=owner
[debug] [2024-07-08T21:40:41.361Z] <<< [apiv2][status] GET https://api.github.com/repos/https://github.com/camilop7/coffee-up/actions/secrets/public-key 404
[debug] [2024-07-08T21:40:41.361Z] <<< [apiv2][body] GET https://api.github.com/repos/https://github.com/camilop7/coffee-up/actions/secrets/public-key {"message":"Not Found","documentation_url":"https://docs.github.com/rest","status":"404"}
[info] 
[info] 
[error] ⚠  The provided authorization cannot be used with this repository. If this repository is in an organization, did you remember to grant access? 
[info] 
[info] i  Action required: Visit this URL to ensure access has been granted to the appropriate organization(s) for the Firebase CLI GitHub OAuth App: 
[info] https://github.com/settings/connections/applications/89cf50f02ac6aaed3484
[info] 
